<?xml version="1.0" encoding="UTF-8"?>
<testsuite name="Cucumber" time="18.866" tests="1" skipped="0" failures="0" errors="0">
<testcase classname="Login Functionality" name="Successful login with valid credentials" time="18.583">
<system-out><![CDATA[
Given user is on the login page.............................................passed
When user clicks on schema button...........................................passed
Then user should be navigated to home page..................................passed
]]></system-out>
</testcase>
</testsuite>
